<?xml version="1.0" encoding="UTF-8"?>
<testsuite xmlns:xsi="http://www.w3.org/2001/XMLSchema-instance" xsi:noNamespaceSchemaLocation="https://maven.apache.org/surefire/maven-surefire-plugin/xsd/surefire-test-report.xsd" version="3.0.2" name="de.thowl.prog3.exam.service.TestNoteService" time="0.823" tests="3" errors="0" skipped="0" failures="0">
  <properties>
[...]
</properties>
  <testcase name="testGetFilteredNotes" classname="de.thowl.prog3.exam.service.TestNoteService" time="0.041">
    <system-out><![CDATA[
  .   ____          _            __ _ _
 /\\ / ___'_ __ _ _(_)_ __  __ _ \ \ \ \
( ( )\___ | '_ | '_| | '_ \/ _` | \ \ \ \
 \\/  ___)| |_)| | | | | || (_| |  ) ) ) )
  '  |____| .__|_| |_|_| |_\__, | / / / /
 =========|_|==============|___/=/_/_/_/

 :: Spring Boot ::                (v3.4.1)

&amp#27;[33m2025-03-25 20:37:44,834&amp#27;[0;39m &amp#27;[34mINFO &amp#27;[0;39m &amp#27;[36md.t.p.e.s.TestNoteService@[main]&amp#27;[0;39m - Starting TestNoteService using Java 23.0.2 with PID 9860 (started by Marten in E:\Sonstiges\Desktop\Prog 3\notizspeicher_p3)
&amp#27;[33m2025-03-25 20:37:44,834&amp#27;[0;39m &amp#27;[39mDEBUG&amp#27;[0;39m &amp#27;[36md.t.p.e.s.TestNoteService@[main]&amp#27;[0;39m - Running with Spring Boot v3.4.1, Spring v6.2.1
&amp#27;[33m2025-03-25 20:37:44,834&amp#27;[0;39m &amp#27;[34mINFO &amp#27;[0;39m &amp#27;[36md.t.p.e.s.TestNoteService@[main]&amp#27;[0;39m - No active profile set, falling back to 1 default profile: "default"
Hibernate: 
    create global temporary table HTE_notes(rn_ integer not null, category_id bigint, created_at timestamp(6), id bigint, user_id bigint, content TEXT, link varchar(255), share_link varchar(255), share_token varchar(255), title varchar(255), type varchar(255), image blob, primary key (rn_)) TRANSACTIONAL
Hibernate: 
    create global temporary table HTE_sessions(rn_ integer not null, created_at timestamp(6), id bigint, user_id bigint, token varchar(255), primary key (rn_)) TRANSACTIONAL
Hibernate: 
    create global temporary table HTE_users(rn_ integer not null, id bigint, email varchar(30), username varchar(30), password varchar(255), primary key (rn_)) TRANSACTIONAL
Hibernate: 
    create global temporary table HTE_categories(rn_ integer not null, id bigint, user_id bigint, category_colour varchar(255), category_name varchar(255), primary key (rn_)) TRANSACTIONAL
Hibernate: 
    drop table if exists categories cascade 
Hibernate: 
    drop table if exists my_tags cascade 
Hibernate: 
    drop table if exists notes cascade 
Hibernate: 
    drop table if exists sessions cascade 
Hibernate: 
    drop table if exists users cascade 
Hibernate: 
    drop sequence if exists categories_seq
Hibernate: 
    drop sequence if exists notes_seq
Hibernate: 
    drop sequence if exists sessions_seq
Hibernate: 
    drop sequence if exists users_seq
Hibernate: 
    create sequence categories_seq start with 1 increment by 50
Hibernate: 
    create sequence notes_seq start with 1 increment by 50
Hibernate: 
    create sequence sessions_seq start with 1 increment by 50
Hibernate: 
    create sequence users_seq start with 1 increment by 50
Hibernate: 
    create table categories (
        id bigint not null,
        user_id bigint,
        category_colour varchar(255),
        category_name varchar(255),
        primary key (id)
    )
Hibernate: 
    create table my_tags (
        id bigint not null,
        tags varchar(255)
    )
Hibernate: 
    create table notes (
        category_id bigint,
        created_at timestamp(6),
        id bigint not null,
        user_id bigint,
        content TEXT,
        link varchar(255),
        share_link varchar(255),
        share_token varchar(255),
        title varchar(255),
        type varchar(255),
        image blob,
        primary key (id)
    )
Hibernate: 
    create table sessions (
        created_at timestamp(6) not null,
        id bigint not null,
        user_id bigint not null,
        token varchar(255) not null,
        primary key (id)
    )
Hibernate: 
    create table users (
        id bigint not null,
        email varchar(30) unique,
        username varchar(30) unique,
        password varchar(255),
        primary key (id)
    )
Hibernate: 
    alter table if exists my_tags 
       add constraint FK94gnlkocoxm261jyyop6ag1wu 
       foreign key (id) 
       references notes
Hibernate: 
    alter table if exists notes 
       add constraint FKt8k9l9q6louhlu7udo6r6l1et 
       foreign key (category_id) 
       references categories
&amp#27;[33m2025-03-25 20:37:45,544&amp#27;[0;39m &amp#27;[34mINFO &amp#27;[0;39m &amp#27;[36md.t.p.e.s.TestNoteService@[main]&amp#27;[0;39m - Started TestNoteService in 0.732 seconds (process running for 7.049)
Hibernate: 
    select
        n1_0.id,
        n1_0.category_id,
        n1_0.content,
        n1_0.created_at,
        n1_0.image,
        n1_0.link,
        n1_0.share_link,
        n1_0.share_token,
        n1_0.title,
        n1_0.type,
        n1_0.user_id 
    from
        notes n1_0
Hibernate: 
    select
        c1_0.id,
        c1_0.category_colour,
        c1_0.category_name,
        c1_0.user_id 
    from
        categories c1_0
Hibernate: 
    delete 
    from
        categories 
    where
        id=?
Hibernate: 
    delete 
    from
        categories 
    where
        id=?
Hibernate: 
    delete 
    from
        categories 
    where
        id=?
Hibernate: 
    delete 
    from
        categories 
    where
        id=?
Hibernate: 
    delete 
    from
        categories 
    where
        id=?
Hibernate: 
    delete 
    from
        categories 
    where
        id=?
Hibernate: 
    delete 
    from
        categories 
    where
        id=?
Hibernate: 
    delete 
    from
        categories 
    where
        id=?
Hibernate: 
    delete 
    from
        categories 
    where
        id=?
Hibernate: 
    select
        next value for categories_seq
Hibernate: 
    insert 
    into
        categories
        (category_colour, category_name, user_id, id) 
    values
        (?, ?, ?, ?)
Hibernate: 
    select
        next value for notes_seq
Hibernate: 
    insert 
    into
        notes
        (category_id, content, created_at, image, link, share_link, share_token, title, type, user_id, id) 
    values
        (?, ?, ?, ?, ?, ?, ?, ?, ?, ?, ?)
Hibernate: 
    insert 
    into
        my_tags
        (id, tags) 
    values
        (?, ?)
Hibernate: 
    insert 
    into
        my_tags
        (id, tags) 
    values
        (?, ?)
&amp#27;[33m2025-03-25 20:37:45,575&amp#27;[0;39m &amp#27;[39mDEBUG&amp#27;[0;39m &amp#27;[36md.t.p.e.s.TestNoteService@[main]&amp#27;[0;39m - entering testGetFilteredNotes
Hibernate: 
    select
        n1_0.id,
        n1_0.category_id,
        n1_0.content,
        n1_0.created_at,
        n1_0.image,
        n1_0.link,
        n1_0.share_link,
        n1_0.share_token,
        n1_0.title,
        n1_0.type,
        n1_0.user_id 
    from
        notes n1_0 
    where
        n1_0.user_id=?
Hibernate: 
    select
        c1_0.id,
        c1_0.category_colour,
        c1_0.category_name,
        c1_0.user_id 
    from
        categories c1_0 
    where
        c1_0.id=?
Hibernate: 
    select
        t1_0.id,
        t1_0.tags 
    from
        my_tags t1_0 
    where
        t1_0.id=?
]]></system-out>
  </testcase>
  <testcase name="testSaveNote" classname="de.thowl.prog3.exam.service.TestNoteService" time="0.021">
    <system-out><![CDATA[Hibernate: 
    select
        n1_0.id,
        n1_0.category_id,
        n1_0.content,
        n1_0.created_at,
        n1_0.image,
        n1_0.link,
        n1_0.share_link,
        n1_0.share_token,
        n1_0.title,
        n1_0.type,
        n1_0.user_id 
    from
        notes n1_0
Hibernate: 
    select
        c1_0.id,
        c1_0.category_colour,
        c1_0.category_name,
        c1_0.user_id 
    from
        categories c1_0 
    where
        c1_0.id=?
Hibernate: 
    select
        t1_0.id,
        t1_0.tags 
    from
        my_tags t1_0 
    where
        t1_0.id=?
Hibernate: 
    delete 
    from
        my_tags 
    where
        id=?
Hibernate: 
    delete 
    from
        notes 
    where
        id=?
Hibernate: 
    select
        c1_0.id,
        c1_0.category_colour,
        c1_0.category_name,
        c1_0.user_id 
    from
        categories c1_0
Hibernate: 
    delete 
    from
        categories 
    where
        id=?
Hibernate: 
    insert 
    into
        categories
        (category_colour, category_name, user_id, id) 
    values
        (?, ?, ?, ?)
Hibernate: 
    select
        next value for notes_seq
Hibernate: 
    insert 
    into
        notes
        (category_id, content, created_at, image, link, share_link, share_token, title, type, user_id, id) 
    values
        (?, ?, ?, ?, ?, ?, ?, ?, ?, ?, ?)
Hibernate: 
    insert 
    into
        my_tags
        (id, tags) 
    values
        (?, ?)
Hibernate: 
    insert 
    into
        my_tags
        (id, tags) 
    values
        (?, ?)
&amp#27;[33m2025-03-25 20:37:45,594&amp#27;[0;39m &amp#27;[39mDEBUG&amp#27;[0;39m &amp#27;[36md.t.p.e.s.TestNoteService@[main]&amp#27;[0;39m - entering testSaveNote
Hibernate: 
    select
        c1_0.id,
        c1_0.category_colour,
        c1_0.category_name,
        c1_0.user_id 
    from
        categories c1_0 
    where
        c1_0.category_name=? 
        and c1_0.user_id=?
Hibernate: 
    insert 
    into
        notes
        (category_id, content, created_at, image, link, share_link, share_token, title, type, user_id, id) 
    values
        (?, ?, ?, ?, ?, ?, ?, ?, ?, ?, ?)
Hibernate: 
    delete 
    from
        my_tags 
    where
        id=?
Hibernate: 
    insert 
    into
        my_tags
        (id, tags) 
    values
        (?, ?)
Hibernate: 
    insert 
    into
        my_tags
        (id, tags) 
    values
        (?, ?)
Hibernate: 
    select
        n1_0.id,
        n1_0.category_id,
        n1_0.content,
        n1_0.created_at,
        n1_0.image,
        n1_0.link,
        n1_0.share_link,
        n1_0.share_token,
        n1_0.title,
        n1_0.type,
        n1_0.user_id 
    from
        notes n1_0 
    where
        n1_0.user_id=?
Hibernate: 
    select
        c1_0.id,
        c1_0.category_colour,
        c1_0.category_name,
        c1_0.user_id 
    from
        categories c1_0 
    where
        c1_0.id=?
Hibernate: 
    select
        t1_0.id,
        t1_0.tags 
    from
        my_tags t1_0 
    where
        t1_0.id=?
Hibernate: 
    select
        t1_0.id,
        t1_0.tags 
    from
        my_tags t1_0 
    where
        t1_0.id=?
]]></system-out>
  </testcase>
  <testcase name="testGetNotesByUser" classname="de.thowl.prog3.exam.service.TestNoteService" time="0.011">
    <system-out><![CDATA[Hibernate: 
    select
        n1_0.id,
        n1_0.category_id,
        n1_0.content,
        n1_0.created_at,
        n1_0.image,
        n1_0.link,
        n1_0.share_link,
        n1_0.share_token,
        n1_0.title,
        n1_0.type,
        n1_0.user_id 
    from
        notes n1_0
Hibernate: 
    select
        c1_0.id,
        c1_0.category_colour,
        c1_0.category_name,
        c1_0.user_id 
    from
        categories c1_0 
    where
        c1_0.id=?
Hibernate: 
    select
        t1_0.id,
        t1_0.tags 
    from
        my_tags t1_0 
    where
        t1_0.id=?
Hibernate: 
    select
        t1_0.id,
        t1_0.tags 
    from
        my_tags t1_0 
    where
        t1_0.id=?
Hibernate: 
    delete 
    from
        my_tags 
    where
        id=?
Hibernate: 
    delete 
    from
        notes 
    where
        id=?
Hibernate: 
    delete 
    from
        notes 
    where
        id=?
Hibernate: 
    select
        c1_0.id,
        c1_0.category_colour,
        c1_0.category_name,
        c1_0.user_id 
    from
        categories c1_0
Hibernate: 
    delete 
    from
        categories 
    where
        id=?
Hibernate: 
    insert 
    into
        categories
        (category_colour, category_name, user_id, id) 
    values
        (?, ?, ?, ?)
Hibernate: 
    insert 
    into
        notes
        (category_id, content, created_at, image, link, share_link, share_token, title, type, user_id, id) 
    values
        (?, ?, ?, ?, ?, ?, ?, ?, ?, ?, ?)
Hibernate: 
    insert 
    into
        my_tags
        (id, tags) 
    values
        (?, ?)
Hibernate: 
    insert 
    into
        my_tags
        (id, tags) 
    values
        (?, ?)
&amp#27;[33m2025-03-25 20:37:45,615&amp#27;[0;39m &amp#27;[39mDEBUG&amp#27;[0;39m &amp#27;[36md.t.p.e.s.TestNoteService@[main]&amp#27;[0;39m - entering testGetNotesByUser
Hibernate: 
    select
        n1_0.id,
        n1_0.category_id,
        n1_0.content,
        n1_0.created_at,
        n1_0.image,
        n1_0.link,
        n1_0.share_link,
        n1_0.share_token,
        n1_0.title,
        n1_0.type,
        n1_0.user_id 
    from
        notes n1_0 
    where
        n1_0.user_id=?
Hibernate: 
    select
        c1_0.id,
        c1_0.category_colour,
        c1_0.category_name,
        c1_0.user_id 
    from
        categories c1_0 
    where
        c1_0.id=?
Hibernate: 
    select
        t1_0.id,
        t1_0.tags 
    from
        my_tags t1_0 
    where
        t1_0.id=?
]]></system-out>
  </testcase>
</testsuite>